2026-06-13 13:31:37,111 [INFO] FAME_EXPERIMENT - Fast artifact mode enabled: experts=['ets', 'croston_tsb', 'linear', 'lightgbm', 'dlinear'] router_epochs=5
2026-06-13 13:31:37,668 [INFO] FAME_EXPERIMENT - Split rows: train=1392 val=216 test=408
2026-06-13 13:31:50,078 [INFO] FAME_EXPERIMENT - Experiment metrics: {'mse': 10.534397583963136, 'rmse': 3.2456736718227135, 'mae': 2.622444938848215, 'wape': 0.4946636777832294, 'smape': 0.7479721571694158, 'stock_aware_loss': 5.918863689245164, 'valid_demand_rows': 408, 'censored_rows_excluded': 0, 'matched_rows': 408, 'matched_series': 24, 'expert_usage_entropy': 1.1281993909266443, 'avg_active_experts': 2.0, 'max_active_experts': 2, 'runtime_seconds': 13.108}
2026-06-13 13:31:50,078 [INFO] FAME_EXPERIMENT - Experiment artifacts saved to: /home/liqianyang/FAME_main/output/smoke/experiment
2026-06-13 13:32:48,088 [INFO] FAME_EXPERIMENT - Split rows: train=1392 val=216 test=408
2026-06-13 13:32:50,913 [ERROR] FAME_EXPERIMENT - Experiment failed: Expert xgboost fitting failed in strict mode: value -1 for Parameter verbosity exceed bound [0,3]
verbosity: Flag to print out detailed breakdown of runtime.
Traceback (most recent call last):
  File "/home/liqianyang/FAME_main/fame/experts.py", line 813, in fit
    fitted.append(expert.fit(train_df))
  File "/home/liqianyang/FAME_main/fame/experts.py", line 545, in fit
    self.model.fit(X_fit, y)
  File "/home/snbc/miniforge3/envs/lqysnbc/lib/python3.9/site-packages/xgboost/core.py", line 726, in inner_f
    return func(**kwargs)
  File "/home/snbc/miniforge3/envs/lqysnbc/lib/python3.9/site-packages/xgboost/sklearn.py", line 1141, in fit
    with config_context(verbosity=self.verbosity):
  File "/home/snbc/miniforge3/envs/lqysnbc/lib/python3.9/contextlib.py", line 119, in __enter__
    return next(self.gen)
  File "/home/snbc/miniforge3/envs/lqysnbc/lib/python3.9/site-packages/xgboost/config.py", line 181, in config_context
    set_config(**new_config)
  File "/home/snbc/miniforge3/envs/lqysnbc/lib/python3.9/site-packages/xgboost/config.py", line 108, in wrap
    return func(*args, **kwargs)
  File "/home/snbc/miniforge3/envs/lqysnbc/lib/python3.9/site-packages/xgboost/config.py", line 132, in set_config
    _check_call(_LIB.XGBSetGlobalConfig(c_str(config)))
  File "/home/snbc/miniforge3/envs/lqysnbc/lib/python3.9/site-packages/xgboost/core.py", line 284, in _check_call
    raise XGBoostError(py_str(_LIB.XGBGetLastError()))
xgboost.core.XGBoostError: value -1 for Parameter verbosity exceed bound [0,3]
verbosity: Flag to print out detailed breakdown of runtime.

The above exception was the direct cause of the following exception:

Traceback (most recent call last):
  File "/home/liqianyang/FAME_main/run_icdm_experiment.py", line 128, in main
    model.fit(prepared, train_df=train_df, validation_df=val_df, complete_grid=False)
  File "/home/liqianyang/FAME_main/fame/pipeline.py", line 121, in fit
    self.expert_pool = ExpertPool(cfg).fit(train_df)
  File "/home/liqianyang/FAME_main/fame/experts.py", line 817, in fit
    raise RuntimeError(f"Expert {expert.name} fitting failed in strict mode: {e}") from e
RuntimeError: Expert xgboost fitting failed in strict mode: value -1 for Parameter verbosity exceed bound [0,3]
verbosity: Flag to print out detailed breakdown of runtime.
2026-06-13 13:33:50,445 [INFO] FAME_EXPERIMENT - Split rows: train=1392 val=216 test=408
2026-06-13 13:37:46,556 [INFO] FAME_EXPERIMENT - Experiment metrics: {'mse': 9.767325212706965, 'rmse': 3.1252720221937427, 'mae': 2.3265826857359544, 'wape': 0.43885609605912196, 'smape': 0.7077233401525146, 'stock_aware_loss': 4.511786867810441, 'valid_demand_rows': 408, 'censored_rows_excluded': 0, 'matched_rows': 408, 'matched_series': 24, 'expert_usage_entropy': 0.9999761727277854, 'avg_active_experts': 1.875, 'max_active_experts': 2, 'runtime_seconds': 236.823}
2026-06-13 13:37:46,556 [INFO] FAME_EXPERIMENT - Experiment artifacts saved to: /home/liqianyang/FAME_main/output/industrial/experiment
